#
# There is insufficient memory for the Java Runtime Environment to continue.
# Native memory allocation (malloc) failed to allocate 1710736 bytes for Chunk::new
# Possible reasons:
#   The system is out of physical RAM or swap space
#   The process is running with CompressedOops enabled, and the Java Heap may be blocking the growth of the native heap
# Possible solutions:
#   Reduce memory load on the system
#   Increase physical memory or swap space
#   Check if swap backing store is full
#   Decrease Java heap size (-Xmx/-Xms)
#   Decrease number of Java threads
#   Decrease Java thread stack sizes (-Xss)
#   Set larger code cache with -XX:ReservedCodeCacheSize=
#   JVM is running with Unscaled Compressed Oops mode in which the Java heap is
#     placed in the first 4GB address space. The Java Heap base address is the
#     maximum limit for the native heap growth. Please use -XX:HeapBaseMinAddress
#     to set the Java Heap base and to place the Java Heap above 4GB virtual address.
# This output file may be truncated or incomplete.
#
#  Out of Memory Error (arena.cpp:191), pid=17060, tid=20872
#
# JRE version: OpenJDK Runtime Environment Temurin-17.0.10+7 (17.0.10+7) (build 17.0.10+7)
# Java VM: OpenJDK 64-Bit Server VM Temurin-17.0.10+7 (17.0.10+7, mixed mode, tiered, compressed oops, compressed class ptrs, parallel gc, windows-amd64)
# No core dump will be written. Minidumps are not enabled by default on client versions of Windows
#

---------------  S U M M A R Y ------------

Command Line: --add-modules=ALL-SYSTEM --add-opens=java.base/java.util=ALL-UNNAMED --add-opens=java.base/java.lang=ALL-UNNAMED --add-opens=java.base/sun.nio.fs=ALL-UNNAMED -Declipse.application=org.eclipse.jdt.ls.core.id1 -Dosgi.bundles.defaultStartLevel=4 -Declipse.product=org.eclipse.jdt.ls.core.product -Djava.import.generatesMetadataFilesAtProjectRoot=false -DDetectVMInstallationsJob.disabled=true -Dfile.encoding=utf8 -XX:+UseParallelGC -XX:GCTimeRatio=4 -XX:AdaptiveSizePolicyWeight=90 -Dsun.zip.disableMemoryMapping=true -Xmx1G -Xms100m -Xlog:disable -javaagent:c:\Users\baltazar.biverstal\.vscode\extensions\redhat.java-1.29.0-win32-x64\lombok\lombok-1.18.32.jar -XX:+HeapDumpOnOutOfMemoryError -XX:HeapDumpPath=c:\Users\baltazar.biverstal\AppData\Roaming\Code\User\workspaceStorage\cccfd76cbe6646ea16e73631af672c7c\redhat.java -Daether.dependencyCollector.impl=bf c:\Users\baltazar.biverstal\.vscode\extensions\redhat.java-1.29.0-win32-x64\server\plugins\org.eclipse.equinox.launcher_1.6.800.v20240304-1850.jar -configuration c:\Users\baltazar.biverstal\AppData\Roaming\Code\User\globalStorage\redhat.java\1.29.0\config_win -data c:\Users\baltazar.biverstal\AppData\Roaming\Code\User\workspaceStorage\cccfd76cbe6646ea16e73631af672c7c\redhat.java\jdt_ws --stdio

Host: 11th Gen Intel(R) Core(TM) i5-1135G7 @ 2.40GHz, 8 cores, 15G,  Windows 11 , 64 bit Build 22621 (10.0.22621.3235)
Time: Tue Apr 16 21:50:04 2024 W. Europe Daylight Time elapsed time: 5.011990 seconds (0d 0h 0m 5s)

---------------  T H R E A D  ---------------

Current thread (0x000001dfdf8cb460):  JavaThread "C2 CompilerThread2" daemon [_thread_in_native, id=20872, stack(0x0000001a6bc00000,0x0000001a6bd00000)]


Current CompileTask:
C2:   5012 3668   !   4       org.eclipse.osgi.internal.loader.classpath.ClasspathManager::findClassImpl (308 bytes)

Stack: [0x0000001a6bc00000,0x0000001a6bd00000]
Native frames: (J=compiled Java code, j=interpreted, Vv=VM code, C=native code)
V  [jvm.dll+0x67d2c9]
V  [jvm.dll+0x834afa]
V  [jvm.dll+0x8365be]
V  [jvm.dll+0x836c23]
V  [jvm.dll+0x2477ff]
V  [jvm.dll+0xac514]
V  [jvm.dll+0xacb5c]
V  [jvm.dll+0x3667d7]
V  [jvm.dll+0x330bfa]
V  [jvm.dll+0x33009a]
V  [jvm.dll+0x219ef1]
V  [jvm.dll+0x219311]
V  [jvm.dll+0x1a502d]
V  [jvm.dll+0x2290de]
V  [jvm.dll+0x2272ac]
V  [jvm.dll+0x7e9bb7]
V  [jvm.dll+0x7e3fba]
V  [jvm.dll+0x67c1b5]
C  [ucrtbase.dll+0x29363]
C  [KERNEL32.DLL+0x1257d]
C  [ntdll.dll+0x5aa58]


---------------  P R O C E S S  ---------------

Threads class SMR info:
_java_thread_list=0x000001dfdfb853f0, length=26, elements={
0x000001dfc39e4620, 0x000001dfd786a030, 0x000001dfd786c3a0, 0x000001dfdc8eb320,
0x000001dfdc8ebce0, 0x000001dfdc8ecee0, 0x000001dfdc8ed8a0, 0x000001dfdc8f36e0,
0x000001dfdc8fa500, 0x000001dfdc8fae10, 0x000001dfdc97c000, 0x000001dfdcbefe20,
0x000001dfddd5a480, 0x000001dfddd59040, 0x000001dfddd59a60, 0x000001dfddd59550,
0x000001dfddd58b30, 0x000001dfde474790, 0x000001dfde473350, 0x000001dfde474ca0,
0x000001dfde4705c0, 0x000001dfde470ad0, 0x000001dfde4751b0, 0x000001dfdf613860,
0x000001dfdf8cb460, 0x000001dfde470fe0
}

Java Threads: ( => current thread )
  0x000001dfc39e4620 JavaThread "main" [_thread_blocked, id=27760, stack(0x0000001a69a00000,0x0000001a69b00000)]
  0x000001dfd786a030 JavaThread "Reference Handler" daemon [_thread_blocked, id=3756, stack(0x0000001a69d00000,0x0000001a69e00000)]
  0x000001dfd786c3a0 JavaThread "Finalizer" daemon [_thread_blocked, id=13240, stack(0x0000001a69e00000,0x0000001a69f00000)]
  0x000001dfdc8eb320 JavaThread "Signal Dispatcher" daemon [_thread_blocked, id=9948, stack(0x0000001a69f00000,0x0000001a6a000000)]
  0x000001dfdc8ebce0 JavaThread "Attach Listener" daemon [_thread_blocked, id=26124, stack(0x0000001a6a000000,0x0000001a6a100000)]
  0x000001dfdc8ecee0 JavaThread "Service Thread" daemon [_thread_blocked, id=5488, stack(0x0000001a6a100000,0x0000001a6a200000)]
  0x000001dfdc8ed8a0 JavaThread "Monitor Deflation Thread" daemon [_thread_blocked, id=12380, stack(0x0000001a6a200000,0x0000001a6a300000)]
  0x000001dfdc8f36e0 JavaThread "C2 CompilerThread0" daemon [_thread_blocked, id=23944, stack(0x0000001a6a300000,0x0000001a6a400000)]
  0x000001dfdc8fa500 JavaThread "C1 CompilerThread0" daemon [_thread_blocked, id=2684, stack(0x0000001a6a400000,0x0000001a6a500000)]
  0x000001dfdc8fae10 JavaThread "Sweeper thread" daemon [_thread_blocked, id=23416, stack(0x0000001a6a500000,0x0000001a6a600000)]
  0x000001dfdc97c000 JavaThread "Common-Cleaner" daemon [_thread_blocked, id=11720, stack(0x0000001a6a600000,0x0000001a6a700000)]
  0x000001dfdcbefe20 JavaThread "Notification Thread" daemon [_thread_blocked, id=19088, stack(0x0000001a6a700000,0x0000001a6a800000)]
  0x000001dfddd5a480 JavaThread "Active Thread: Equinox Container: 7f4698bf-2511-4f21-b6dd-926e18567026" [_thread_blocked, id=22548, stack(0x0000001a6b100000,0x0000001a6b200000)]
  0x000001dfddd59040 JavaThread "Framework Event Dispatcher: Equinox Container: 7f4698bf-2511-4f21-b6dd-926e18567026" daemon [_thread_blocked, id=9784, stack(0x0000001a6b200000,0x0000001a6b300000)]
  0x000001dfddd59a60 JavaThread "Start Level: Equinox Container: 7f4698bf-2511-4f21-b6dd-926e18567026" daemon [_thread_in_native, id=20912, stack(0x0000001a6b300000,0x0000001a6b400000)]
  0x000001dfddd59550 JavaThread "Bundle File Closer" daemon [_thread_blocked, id=19704, stack(0x0000001a6b500000,0x0000001a6b600000)]
  0x000001dfddd58b30 JavaThread "SCR Component Actor" daemon [_thread_blocked, id=19844, stack(0x0000001a6b600000,0x0000001a6b700000)]
  0x000001dfde474790 JavaThread "SCR Component Registry" daemon [_thread_blocked, id=11032, stack(0x0000001a6b700000,0x0000001a6b800000)]
  0x000001dfde473350 JavaThread "Worker-JM" [_thread_blocked, id=24468, stack(0x0000001a6aa00000,0x0000001a6ab00000)]
  0x000001dfde474ca0 JavaThread "Worker-0: Repository registry initialization" [_thread_blocked, id=27728, stack(0x0000001a6a900000,0x0000001a6aa00000)]
  0x000001dfde4705c0 JavaThread "Worker-1: Updating Maven Dependencies" [_thread_in_vm, id=15404, stack(0x0000001a6b800000,0x0000001a6b900000)]
  0x000001dfde470ad0 JavaThread "Java indexing" daemon [_thread_blocked, id=26172, stack(0x0000001a6ba00000,0x0000001a6bb00000)]
  0x000001dfde4751b0 JavaThread "Worker-2" [_thread_blocked, id=25684, stack(0x0000001a6b900000,0x0000001a6ba00000)]
  0x000001dfdf613860 JavaThread "C2 CompilerThread1" daemon [_thread_blocked, id=28268, stack(0x0000001a6bb00000,0x0000001a6bc00000)]
=>0x000001dfdf8cb460 JavaThread "C2 CompilerThread2" daemon [_thread_in_native, id=20872, stack(0x0000001a6bc00000,0x0000001a6bd00000)]
  0x000001dfde470fe0 JavaThread "Worker-3" [_thread_blocked, id=21584, stack(0x0000001a6bd00000,0x0000001a6be00000)]

Other Threads:
  0x000001dfdc8c14b0 VMThread "VM Thread" [stack: 0x0000001a69c00000,0x0000001a69d00000] [id=19976]
  0x000001dfdda90ab0 WatcherThread [stack: 0x0000001a6a800000,0x0000001a6a900000] [id=14012]
  0x000001dfc39fa030 GCTaskThread "GC Thread#0" [stack: 0x0000001a69b00000,0x0000001a69c00000] [id=21128]
  0x000001dfde294fd0 GCTaskThread "GC Thread#1" [stack: 0x0000001a6ab00000,0x0000001a6ac00000] [id=16840]
  0x000001dfde295290 GCTaskThread "GC Thread#2" [stack: 0x0000001a6ac00000,0x0000001a6ad00000] [id=16128]
  0x000001dfddfa3b70 GCTaskThread "GC Thread#3" [stack: 0x0000001a6ad00000,0x0000001a6ae00000] [id=11512]
  0x000001dfddfa3e30 GCTaskThread "GC Thread#4" [stack: 0x0000001a6ae00000,0x0000001a6af00000] [id=25556]
  0x000001dfddfef3d0 GCTaskThread "GC Thread#5" [stack: 0x0000001a6af00000,0x0000001a6b000000] [id=26812]
  0x000001dfddfef690 GCTaskThread "GC Thread#6" [stack: 0x0000001a6b000000,0x0000001a6b100000] [id=28200]
  0x000001dfde501870 GCTaskThread "GC Thread#7" [stack: 0x0000001a6b400000,0x0000001a6b500000] [id=28068]

Threads with active compile tasks:
C2 CompilerThread2     5062 3668   !   4       org.eclipse.osgi.internal.loader.classpath.ClasspathManager::findClassImpl (308 bytes)

VM state: not at safepoint (normal execution)

VM Mutex/Monitor currently owned by a thread: None

Heap address: 0x00000000c0000000, size: 1024 MB, Compressed Oops mode: 32-bit

CDS archive(s) not mapped
Compressed class space mapped at: 0x0000000100000000-0x0000000140000000, reserved size: 1073741824
Narrow klass base: 0x0000000000000000, Narrow klass shift: 3, Narrow klass range: 0x140000000

GC Precious Log:
 CPUs: 8 total, 8 available
 Memory: 16064M
 Large Page Support: Disabled
 NUMA Support: Disabled
 Compressed Oops: Enabled (32-bit)
 Alignments: Space 512K, Generation 512K, Heap 2M
 Heap Min Capacity: 100M
 Heap Initial Capacity: 100M
 Heap Max Capacity: 1G
 Pre-touch: Disabled
 Parallel Workers: 8

Heap:
 PSYoungGen      total 24576K, used 13861K [0x00000000eab00000, 0x00000000ecb00000, 0x0000000100000000)
  eden space 23552K, 58% used [0x00000000eab00000,0x00000000eb8897b8,0x00000000ec200000)
  from space 1024K, 0% used [0x00000000ec800000,0x00000000ec800000,0x00000000ec900000)
  to   space 4608K, 0% used [0x00000000ec200000,0x00000000ec200000,0x00000000ec680000)
 ParOldGen       total 68608K, used 14991K [0x00000000c0000000, 0x00000000c4300000, 0x00000000eab00000)
  object space 68608K, 21% used [0x00000000c0000000,0x00000000c0ea3c68,0x00000000c4300000)
 Metaspace       used 36866K, committed 37632K, reserved 1114112K
  class space    used 3705K, committed 4032K, reserved 1048576K

Card table byte_map: [0x000001dfc33a0000,0x000001dfc35b0000] _byte_map_base: 0x000001dfc2da0000

Marking Bits: (ParMarkBitMap*) 0x00007ff9771dd7d0
 Begin Bits: [0x000001dfd5670000, 0x000001dfd6670000)
 End Bits:   [0x000001dfd6670000, 0x000001dfd7670000)

Polling page: 0x000001dfc3190000

Metaspace:

Usage:
  Non-class:     32.38 MB used.
      Class:      3.62 MB used.
       Both:     36.00 MB used.

Virtual space:
  Non-class space:       64.00 MB reserved,      32.81 MB ( 51%) committed,  1 nodes.
      Class space:        1.00 GB reserved,       3.94 MB ( <1%) committed,  1 nodes.
             Both:        1.06 GB reserved,      36.75 MB (  3%) committed. 

Chunk freelists:
   Non-Class:  14.75 MB
       Class:  11.92 MB
        Both:  26.67 MB

MaxMetaspaceSize: unlimited
CompressedClassSpaceSize: 1.00 GB
Initial GC threshold: 21.00 MB
Current GC threshold: 58.38 MB
CDS: off
MetaspaceReclaimPolicy: balanced
 - commit_granule_bytes: 65536.
 - commit_granule_words: 8192.
 - virtual_space_node_default_size: 8388608.
 - enlarge_chunks_in_place: 1.
 - new_chunks_are_fully_committed: 0.
 - uncommit_free_chunks: 1.
 - use_allocation_guard: 0.
 - handle_deallocations: 1.


Internal statistics:

num_allocs_failed_limit: 6.
num_arena_births: 496.
num_arena_deaths: 40.
num_vsnodes_births: 2.
num_vsnodes_deaths: 0.
num_space_committed: 588.
num_space_uncommitted: 0.
num_chunks_returned_to_freelist: 52.
num_chunks_taken_from_freelist: 1657.
num_chunk_merges: 11.
num_chunk_splits: 1080.
num_chunks_enlarged: 731.
num_inconsistent_stats: 0.

CodeHeap 'non-profiled nmethods': size=120000Kb used=1766Kb max_used=1766Kb free=118233Kb
 bounds [0x000001dfce140000, 0x000001dfce3b0000, 0x000001dfd5670000]
CodeHeap 'profiled nmethods': size=120000Kb used=7767Kb max_used=7767Kb free=112233Kb
 bounds [0x000001dfc6670000, 0x000001dfc6e10000, 0x000001dfcdba0000]
CodeHeap 'non-nmethods': size=5760Kb used=1278Kb max_used=1320Kb free=4481Kb
 bounds [0x000001dfcdba0000, 0x000001dfcde10000, 0x000001dfce140000]
 total_blobs=4337 nmethods=3749 adapters=502
 compilation: enabled
              stopped_count=0, restarted_count=0
 full_count=0

Compilation events (20 events):
Event: 4.942 Thread 0x000001dfdc8f36e0 3733  s    4       java.util.Hashtable::get (69 bytes)
Event: 4.955 Thread 0x000001dfdc8f36e0 nmethod 3733 0x000001dfce2f6a10 code [0x000001dfce2f6bc0, 0x000001dfce2f73d8]
Event: 4.960 Thread 0x000001dfdf613860 3734       4       org.eclipse.osgi.internal.loader.classpath.ClasspathManager::processClass (91 bytes)
Event: 4.964 Thread 0x000001dfdc8fa500 3735   !   3       jdk.internal.reflect.NativeConstructorAccessorImpl::newInstance (122 bytes)
Event: 4.965 Thread 0x000001dfdf613860 nmethod 3734 0x000001dfce2f7790 code [0x000001dfce2f7920, 0x000001dfce2f7a18]
Event: 4.966 Thread 0x000001dfdc8fa500 nmethod 3735 0x000001dfc6dfd210 code [0x000001dfc6dfd460, 0x000001dfc6dfdfa8]
Event: 4.968 Thread 0x000001dfdc8fa500 3737       3       org.eclipse.core.internal.registry.ConfigurationElementHandle::getName (8 bytes)
Event: 4.969 Thread 0x000001dfdc8fa500 nmethod 3737 0x000001dfc6dfe490 code [0x000001dfc6dfe660, 0x000001dfc6dfeba8]
Event: 4.970 Thread 0x000001dfdc8fa500 3738       3       org.eclipse.osgi.internal.framework.FilterImpl::newInstance (13 bytes)
Event: 4.971 Thread 0x000001dfdc8fa500 nmethod 3738 0x000001dfc6dfed90 code [0x000001dfc6dfef80, 0x000001dfc6dff3e8]
Event: 4.971 Thread 0x000001dfdc8fa500 3739       3       org.eclipse.osgi.internal.framework.FilterImpl$Parser::<init> (28 bytes)
Event: 4.971 Thread 0x000001dfdc8fa500 nmethod 3739 0x000001dfc6dff610 code [0x000001dfc6dff7e0, 0x000001dfc6dffb78]
Event: 4.971 Thread 0x000001dfdc8fa500 3740   !   3       org.eclipse.osgi.internal.framework.FilterImpl$Parser::parse (68 bytes)
Event: 4.972 Thread 0x000001dfdc8fa500 nmethod 3740 0x000001dfc6dffd10 code [0x000001dfc6dfff40, 0x000001dfc6e00668]
Event: 4.978 Thread 0x000001dfdc8f36e0 3741       4       java.util.AbstractList$Itr::hasNext (20 bytes)
Event: 4.979 Thread 0x000001dfdc8f36e0 nmethod 3741 0x000001dfce2f7f90 code [0x000001dfce2f8100, 0x000001dfce2f81b8]
Event: 4.985 Thread 0x000001dfdc8fa500 3743       3       org.apache.aries.spifly.BaseActivator::getAllHeaders (189 bytes)
Event: 4.988 Thread 0x000001dfdc8fa500 nmethod 3743 0x000001dfc6e00a10 code [0x000001dfc6e00e60, 0x000001dfc6e03478]
Event: 4.998 Thread 0x000001dfdc8fa500 3744       3       org.eclipse.osgi.framework.eventmgr.ListenerQueue::<init> (38 bytes)
Event: 4.999 Thread 0x000001dfdc8fa500 nmethod 3744 0x000001dfc6e04310 code [0x000001dfc6e044e0, 0x000001dfc6e04908]

GC Heap History (20 events):
Event: 1.947 GC heap before
{Heap before GC invocations=3 (full 0):
 PSYoungGen      total 29696K, used 29667K [0x00000000eab00000, 0x00000000ecc00000, 0x0000000100000000)
  eden space 25600K, 100% used [0x00000000eab00000,0x00000000ec400000,0x00000000ec400000)
  from space 4096K, 99% used [0x00000000ec800000,0x00000000ecbf8f38,0x00000000ecc00000)
  to   space 4096K, 0% used [0x00000000ec400000,0x00000000ec400000,0x00000000ec800000)
 ParOldGen       total 68608K, used 1447K [0x00000000c0000000, 0x00000000c4300000, 0x00000000eab00000)
  object space 68608K, 2% used [0x00000000c0000000,0x00000000c0169da8,0x00000000c4300000)
 Metaspace       used 16058K, committed 16320K, reserved 1114112K
  class space    used 1605K, committed 1728K, reserved 1048576K
}
Event: 1.953 GC heap after
{Heap after GC invocations=3 (full 0):
 PSYoungGen      total 29696K, used 4080K [0x00000000eab00000, 0x00000000ecc00000, 0x0000000100000000)
  eden space 25600K, 0% used [0x00000000eab00000,0x00000000eab00000,0x00000000ec400000)
  from space 4096K, 99% used [0x00000000ec400000,0x00000000ec7fc0e0,0x00000000ec800000)
  to   space 4096K, 0% used [0x00000000ec800000,0x00000000ec800000,0x00000000ecc00000)
 ParOldGen       total 68608K, used 5186K [0x00000000c0000000, 0x00000000c4300000, 0x00000000eab00000)
  object space 68608K, 7% used [0x00000000c0000000,0x00000000c0510a38,0x00000000c4300000)
 Metaspace       used 16058K, committed 16320K, reserved 1114112K
  class space    used 1605K, committed 1728K, reserved 1048576K
}
Event: 2.529 GC heap before
{Heap before GC invocations=4 (full 0):
 PSYoungGen      total 29696K, used 29680K [0x00000000eab00000, 0x00000000ecc00000, 0x0000000100000000)
  eden space 25600K, 100% used [0x00000000eab00000,0x00000000ec400000,0x00000000ec400000)
  from space 4096K, 99% used [0x00000000ec400000,0x00000000ec7fc0e0,0x00000000ec800000)
  to   space 4096K, 0% used [0x00000000ec800000,0x00000000ec800000,0x00000000ecc00000)
 ParOldGen       total 68608K, used 5186K [0x00000000c0000000, 0x00000000c4300000, 0x00000000eab00000)
  object space 68608K, 7% used [0x00000000c0000000,0x00000000c0510a38,0x00000000c4300000)
 Metaspace       used 20554K, committed 20928K, reserved 1114112K
  class space    used 2082K, committed 2240K, reserved 1048576K
}
Event: 2.533 GC heap after
{Heap after GC invocations=4 (full 0):
 PSYoungGen      total 29696K, used 4091K [0x00000000eab00000, 0x00000000ecc00000, 0x0000000100000000)
  eden space 25600K, 0% used [0x00000000eab00000,0x00000000eab00000,0x00000000ec400000)
  from space 4096K, 99% used [0x00000000ec800000,0x00000000ecbfee98,0x00000000ecc00000)
  to   space 4096K, 0% used [0x00000000ec400000,0x00000000ec400000,0x00000000ec800000)
 ParOldGen       total 68608K, used 6313K [0x00000000c0000000, 0x00000000c4300000, 0x00000000eab00000)
  object space 68608K, 9% used [0x00000000c0000000,0x00000000c062a5d8,0x00000000c4300000)
 Metaspace       used 20554K, committed 20928K, reserved 1114112K
  class space    used 2082K, committed 2240K, reserved 1048576K
}
Event: 2.713 GC heap before
{Heap before GC invocations=5 (full 0):
 PSYoungGen      total 29696K, used 7799K [0x00000000eab00000, 0x00000000ecc00000, 0x0000000100000000)
  eden space 25600K, 14% used [0x00000000eab00000,0x00000000eae9ee48,0x00000000ec400000)
  from space 4096K, 99% used [0x00000000ec800000,0x00000000ecbfee98,0x00000000ecc00000)
  to   space 4096K, 0% used [0x00000000ec400000,0x00000000ec400000,0x00000000ec800000)
 ParOldGen       total 68608K, used 6313K [0x00000000c0000000, 0x00000000c4300000, 0x00000000eab00000)
  object space 68608K, 9% used [0x00000000c0000000,0x00000000c062a5d8,0x00000000c4300000)
 Metaspace       used 21044K, committed 21504K, reserved 1114112K
  class space    used 2133K, committed 2368K, reserved 1048576K
}
Event: 2.717 GC heap after
{Heap after GC invocations=5 (full 0):
 PSYoungGen      total 29696K, used 4078K [0x00000000eab00000, 0x00000000ece00000, 0x0000000100000000)
  eden space 25600K, 0% used [0x00000000eab00000,0x00000000eab00000,0x00000000ec400000)
  from space 4096K, 99% used [0x00000000ec400000,0x00000000ec7fbbe0,0x00000000ec800000)
  to   space 5120K, 0% used [0x00000000ec900000,0x00000000ec900000,0x00000000ece00000)
 ParOldGen       total 68608K, used 6657K [0x00000000c0000000, 0x00000000c4300000, 0x00000000eab00000)
  object space 68608K, 9% used [0x00000000c0000000,0x00000000c06805d8,0x00000000c4300000)
 Metaspace       used 21044K, committed 21504K, reserved 1114112K
  class space    used 2133K, committed 2368K, reserved 1048576K
}
Event: 2.717 GC heap before
{Heap before GC invocations=6 (full 1):
 PSYoungGen      total 29696K, used 4078K [0x00000000eab00000, 0x00000000ece00000, 0x0000000100000000)
  eden space 25600K, 0% used [0x00000000eab00000,0x00000000eab00000,0x00000000ec400000)
  from space 4096K, 99% used [0x00000000ec400000,0x00000000ec7fbbe0,0x00000000ec800000)
  to   space 5120K, 0% used [0x00000000ec900000,0x00000000ec900000,0x00000000ece00000)
 ParOldGen       total 68608K, used 6657K [0x00000000c0000000, 0x00000000c4300000, 0x00000000eab00000)
  object space 68608K, 9% used [0x00000000c0000000,0x00000000c06805d8,0x00000000c4300000)
 Metaspace       used 21044K, committed 21504K, reserved 1114112K
  class space    used 2133K, committed 2368K, reserved 1048576K
}
Event: 2.751 GC heap after
{Heap after GC invocations=6 (full 1):
 PSYoungGen      total 29696K, used 0K [0x00000000eab00000, 0x00000000ece00000, 0x0000000100000000)
  eden space 25600K, 0% used [0x00000000eab00000,0x00000000eab00000,0x00000000ec400000)
  from space 4096K, 0% used [0x00000000ec400000,0x00000000ec400000,0x00000000ec800000)
  to   space 5120K, 0% used [0x00000000ec900000,0x00000000ec900000,0x00000000ece00000)
 ParOldGen       total 68608K, used 10351K [0x00000000c0000000, 0x00000000c4300000, 0x00000000eab00000)
  object space 68608K, 15% used [0x00000000c0000000,0x00000000c0a1bed0,0x00000000c4300000)
 Metaspace       used 21031K, committed 21504K, reserved 1114112K
  class space    used 2129K, committed 2368K, reserved 1048576K
}
Event: 3.367 GC heap before
{Heap before GC invocations=7 (full 1):
 PSYoungGen      total 29696K, used 25591K [0x00000000eab00000, 0x00000000ece00000, 0x0000000100000000)
  eden space 25600K, 99% used [0x00000000eab00000,0x00000000ec3fde30,0x00000000ec400000)
  from space 4096K, 0% used [0x00000000ec400000,0x00000000ec400000,0x00000000ec800000)
  to   space 5120K, 0% used [0x00000000ec900000,0x00000000ec900000,0x00000000ece00000)
 ParOldGen       total 68608K, used 10351K [0x00000000c0000000, 0x00000000c4300000, 0x00000000eab00000)
  object space 68608K, 15% used [0x00000000c0000000,0x00000000c0a1bed0,0x00000000c4300000)
 Metaspace       used 24237K, committed 24768K, reserved 1114112K
  class space    used 2470K, committed 2688K, reserved 1048576K
}
Event: 3.369 GC heap after
{Heap after GC invocations=7 (full 1):
 PSYoungGen      total 26624K, used 1323K [0x00000000eab00000, 0x00000000eca80000, 0x0000000100000000)
  eden space 25088K, 0% used [0x00000000eab00000,0x00000000eab00000,0x00000000ec380000)
  from space 1536K, 86% used [0x00000000ec900000,0x00000000eca4af30,0x00000000eca80000)
  to   space 2560K, 0% used [0x00000000ec580000,0x00000000ec580000,0x00000000ec800000)
 ParOldGen       total 68608K, used 10359K [0x00000000c0000000, 0x00000000c4300000, 0x00000000eab00000)
  object space 68608K, 15% used [0x00000000c0000000,0x00000000c0a1ded0,0x00000000c4300000)
 Metaspace       used 24237K, committed 24768K, reserved 1114112K
  class space    used 2470K, committed 2688K, reserved 1048576K
}
Event: 3.756 GC heap before
{Heap before GC invocations=8 (full 1):
 PSYoungGen      total 26624K, used 26411K [0x00000000eab00000, 0x00000000eca80000, 0x0000000100000000)
  eden space 25088K, 100% used [0x00000000eab00000,0x00000000ec380000,0x00000000ec380000)
  from space 1536K, 86% used [0x00000000ec900000,0x00000000eca4af30,0x00000000eca80000)
  to   space 2560K, 0% used [0x00000000ec580000,0x00000000ec580000,0x00000000ec800000)
 ParOldGen       total 68608K, used 10359K [0x00000000c0000000, 0x00000000c4300000, 0x00000000eab00000)
  object space 68608K, 15% used [0x00000000c0000000,0x00000000c0a1ded0,0x00000000c4300000)
 Metaspace       used 27351K, committed 27968K, reserved 1114112K
  class space    used 2804K, committed 3072K, reserved 1048576K
}
Event: 3.759 GC heap after
{Heap after GC invocations=8 (full 1):
 PSYoungGen      total 27136K, used 2541K [0x00000000eab00000, 0x00000000ecc00000, 0x0000000100000000)
  eden space 24576K, 0% used [0x00000000eab00000,0x00000000eab00000,0x00000000ec300000)
  from space 2560K, 99% used [0x00000000ec580000,0x00000000ec7fb6a0,0x00000000ec800000)
  to   space 4096K, 0% used [0x00000000ec800000,0x00000000ec800000,0x00000000ecc00000)
 ParOldGen       total 68608K, used 11577K [0x00000000c0000000, 0x00000000c4300000, 0x00000000eab00000)
  object space 68608K, 16% used [0x00000000c0000000,0x00000000c0b4e658,0x00000000c4300000)
 Metaspace       used 27351K, committed 27968K, reserved 1114112K
  class space    used 2804K, committed 3072K, reserved 1048576K
}
Event: 4.011 GC heap before
{Heap before GC invocations=9 (full 1):
 PSYoungGen      total 27136K, used 27117K [0x00000000eab00000, 0x00000000ecc00000, 0x0000000100000000)
  eden space 24576K, 100% used [0x00000000eab00000,0x00000000ec300000,0x00000000ec300000)
  from space 2560K, 99% used [0x00000000ec580000,0x00000000ec7fb6a0,0x00000000ec800000)
  to   space 4096K, 0% used [0x00000000ec800000,0x00000000ec800000,0x00000000ecc00000)
 ParOldGen       total 68608K, used 11577K [0x00000000c0000000, 0x00000000c4300000, 0x00000000eab00000)
  object space 68608K, 16% used [0x00000000c0000000,0x00000000c0b4e658,0x00000000c4300000)
 Metaspace       used 29933K, committed 30528K, reserved 1114112K
  class space    used 2974K, committed 3200K, reserved 1048576K
}
Event: 4.014 GC heap after
{Heap after GC invocations=9 (full 1):
 PSYoungGen      total 27648K, used 3452K [0x00000000eab00000, 0x00000000ecb80000, 0x0000000100000000)
  eden space 24064K, 0% used [0x00000000eab00000,0x00000000eab00000,0x00000000ec280000)
  from space 3584K, 96% used [0x00000000ec800000,0x00000000ecb5f1e0,0x00000000ecb80000)
  to   space 3584K, 0% used [0x00000000ec480000,0x00000000ec480000,0x00000000ec800000)
 ParOldGen       total 68608K, used 11577K [0x00000000c0000000, 0x00000000c4300000, 0x00000000eab00000)
  object space 68608K, 16% used [0x00000000c0000000,0x00000000c0b4e658,0x00000000c4300000)
 Metaspace       used 29933K, committed 30528K, reserved 1114112K
  class space    used 2974K, committed 3200K, reserved 1048576K
}
Event: 4.223 GC heap before
{Heap before GC invocations=10 (full 1):
 PSYoungGen      total 27648K, used 27516K [0x00000000eab00000, 0x00000000ecb80000, 0x0000000100000000)
  eden space 24064K, 100% used [0x00000000eab00000,0x00000000ec280000,0x00000000ec280000)
  from space 3584K, 96% used [0x00000000ec800000,0x00000000ecb5f1e0,0x00000000ecb80000)
  to   space 3584K, 0% used [0x00000000ec480000,0x00000000ec480000,0x00000000ec800000)
 ParOldGen       total 68608K, used 11577K [0x00000000c0000000, 0x00000000c4300000, 0x00000000eab00000)
  object space 68608K, 16% used [0x00000000c0000000,0x00000000c0b4e658,0x00000000c4300000)
 Metaspace       used 31888K, committed 32512K, reserved 1114112K
  class space    used 3120K, committed 3392K, reserved 1048576K
}
Event: 4.226 GC heap after
{Heap after GC invocations=10 (full 1):
 PSYoungGen      total 27136K, used 3281K [0x00000000eab00000, 0x00000000ec900000, 0x0000000100000000)
  eden space 23552K, 0% used [0x00000000eab00000,0x00000000eab00000,0x00000000ec200000)
  from space 3584K, 91% used [0x00000000ec480000,0x00000000ec7b4688,0x00000000ec800000)
  to   space 1024K, 0% used [0x00000000ec800000,0x00000000ec800000,0x00000000ec900000)
 ParOldGen       total 68608K, used 13320K [0x00000000c0000000, 0x00000000c4300000, 0x00000000eab00000)
  object space 68608K, 19% used [0x00000000c0000000,0x00000000c0d02068,0x00000000c4300000)
 Metaspace       used 31888K, committed 32512K, reserved 1114112K
  class space    used 3120K, committed 3392K, reserved 1048576K
}
Event: 4.707 GC heap before
{Heap before GC invocations=11 (full 1):
 PSYoungGen      total 27136K, used 25028K [0x00000000eab00000, 0x00000000ec900000, 0x0000000100000000)
  eden space 23552K, 92% used [0x00000000eab00000,0x00000000ec03cd18,0x00000000ec200000)
  from space 3584K, 91% used [0x00000000ec480000,0x00000000ec7b4688,0x00000000ec800000)
  to   space 1024K, 0% used [0x00000000ec800000,0x00000000ec800000,0x00000000ec900000)
 ParOldGen       total 68608K, used 13320K [0x00000000c0000000, 0x00000000c4300000, 0x00000000eab00000)
  object space 68608K, 19% used [0x00000000c0000000,0x00000000c0d02068,0x00000000c4300000)
 Metaspace       used 35096K, committed 35840K, reserved 1114112K
  class space    used 3459K, committed 3776K, reserved 1048576K
}
Event: 4.711 GC heap after
{Heap after GC invocations=11 (full 1):
 PSYoungGen      total 24576K, used 1008K [0x00000000eab00000, 0x00000000ecb00000, 0x0000000100000000)
  eden space 23552K, 0% used [0x00000000eab00000,0x00000000eab00000,0x00000000ec200000)
  from space 1024K, 98% used [0x00000000ec800000,0x00000000ec8fc090,0x00000000ec900000)
  to   space 4608K, 0% used [0x00000000ec200000,0x00000000ec200000,0x00000000ec680000)
 ParOldGen       total 68608K, used 16671K [0x00000000c0000000, 0x00000000c4300000, 0x00000000eab00000)
  object space 68608K, 24% used [0x00000000c0000000,0x00000000c1047c50,0x00000000c4300000)
 Metaspace       used 35096K, committed 35840K, reserved 1114112K
  class space    used 3459K, committed 3776K, reserved 1048576K
}
Event: 4.711 GC heap before
{Heap before GC invocations=12 (full 2):
 PSYoungGen      total 24576K, used 1008K [0x00000000eab00000, 0x00000000ecb00000, 0x0000000100000000)
  eden space 23552K, 0% used [0x00000000eab00000,0x00000000eab00000,0x00000000ec200000)
  from space 1024K, 98% used [0x00000000ec800000,0x00000000ec8fc090,0x00000000ec900000)
  to   space 4608K, 0% used [0x00000000ec200000,0x00000000ec200000,0x00000000ec680000)
 ParOldGen       total 68608K, used 16671K [0x00000000c0000000, 0x00000000c4300000, 0x00000000eab00000)
  object space 68608K, 24% used [0x00000000c0000000,0x00000000c1047c50,0x00000000c4300000)
 Metaspace       used 35096K, committed 35840K, reserved 1114112K
  class space    used 3459K, committed 3776K, reserved 1048576K
}
Event: 4.744 GC heap after
{Heap after GC invocations=12 (full 2):
 PSYoungGen      total 24576K, used 0K [0x00000000eab00000, 0x00000000ecb00000, 0x0000000100000000)
  eden space 23552K, 0% used [0x00000000eab00000,0x00000000eab00000,0x00000000ec200000)
  from space 1024K, 0% used [0x00000000ec800000,0x00000000ec800000,0x00000000ec900000)
  to   space 4608K, 0% used [0x00000000ec200000,0x00000000ec200000,0x00000000ec680000)
 ParOldGen       total 68608K, used 14991K [0x00000000c0000000, 0x00000000c4300000, 0x00000000eab00000)
  object space 68608K, 21% used [0x00000000c0000000,0x00000000c0ea3c68,0x00000000c4300000)
 Metaspace       used 35072K, committed 35840K, reserved 1114112K
  class space    used 3453K, committed 3776K, reserved 1048576K
}

Dll operation events (9 events):
Event: 0.008 Loaded shared library c:\Users\baltazar.biverstal\.vscode\extensions\redhat.java-1.29.0-win32-x64\jre\17.0.10-win32-x86_64\bin\java.dll
Event: 0.169 Loaded shared library c:\Users\baltazar.biverstal\.vscode\extensions\redhat.java-1.29.0-win32-x64\jre\17.0.10-win32-x86_64\bin\zip.dll
Event: 0.173 Loaded shared library C:\Users\baltazar.biverstal\.vscode\extensions\redhat.java-1.29.0-win32-x64\jre\17.0.10-win32-x86_64\bin\instrument.dll
Event: 0.186 Loaded shared library C:\Users\baltazar.biverstal\.vscode\extensions\redhat.java-1.29.0-win32-x64\jre\17.0.10-win32-x86_64\bin\net.dll
Event: 0.188 Loaded shared library C:\Users\baltazar.biverstal\.vscode\extensions\redhat.java-1.29.0-win32-x64\jre\17.0.10-win32-x86_64\bin\nio.dll
Event: 0.196 Loaded shared library C:\Users\baltazar.biverstal\.vscode\extensions\redhat.java-1.29.0-win32-x64\jre\17.0.10-win32-x86_64\bin\zip.dll
Event: 0.212 Loaded shared library C:\Users\baltazar.biverstal\.vscode\extensions\redhat.java-1.29.0-win32-x64\jre\17.0.10-win32-x86_64\bin\jimage.dll
Event: 0.262 Loaded shared library c:\Users\baltazar.biverstal\.vscode\extensions\redhat.java-1.29.0-win32-x64\jre\17.0.10-win32-x86_64\bin\verify.dll
Event: 1.309 Loaded shared library C:\Users\baltazar.biverstal\AppData\Roaming\Code\User\globalStorage\redhat.java\1.29.0\config_win\org.eclipse.equinox.launcher\org.eclipse.equinox.launcher.win32.win32.x86_64_1.2.900.v20240213-1244\eclipse_11900.dll

Deoptimization events (20 events):
Event: 4.676 Thread 0x000001dfde4705c0 Uncommon trap: trap_request=0xffffffde fr.pc=0x000001dfce2a4a30 relative=0x0000000000000090
Event: 4.676 Thread 0x000001dfde4705c0 Uncommon trap: reason=class_check action=maybe_recompile pc=0x000001dfce2a4a30 method=java.lang.Character.codePointAt(Ljava/lang/CharSequence;I)I @ 2 c2
Event: 4.676 Thread 0x000001dfde4705c0 DEOPT PACKING pc=0x000001dfce2a4a30 sp=0x0000001a6b8fe3d0
Event: 4.676 Thread 0x000001dfde4705c0 DEOPT UNPACKING pc=0x000001dfcdbf9ea3 sp=0x0000001a6b8fe358 mode 2
Event: 4.676 Thread 0x000001dfde4705c0 Uncommon trap: trap_request=0xffffffde fr.pc=0x000001dfce2a4a30 relative=0x0000000000000090
Event: 4.676 Thread 0x000001dfde4705c0 Uncommon trap: reason=class_check action=maybe_recompile pc=0x000001dfce2a4a30 method=java.lang.Character.codePointAt(Ljava/lang/CharSequence;I)I @ 2 c2
Event: 4.676 Thread 0x000001dfde4705c0 DEOPT PACKING pc=0x000001dfce2a4a30 sp=0x0000001a6b8fe3d0
Event: 4.676 Thread 0x000001dfde4705c0 DEOPT UNPACKING pc=0x000001dfcdbf9ea3 sp=0x0000001a6b8fe358 mode 2
Event: 4.676 Thread 0x000001dfde4705c0 Uncommon trap: trap_request=0xffffffde fr.pc=0x000001dfce2a4a30 relative=0x0000000000000090
Event: 4.676 Thread 0x000001dfde4705c0 Uncommon trap: reason=class_check action=maybe_recompile pc=0x000001dfce2a4a30 method=java.lang.Character.codePointAt(Ljava/lang/CharSequence;I)I @ 2 c2
Event: 4.676 Thread 0x000001dfde4705c0 DEOPT PACKING pc=0x000001dfce2a4a30 sp=0x0000001a6b8fe3d0
Event: 4.676 Thread 0x000001dfde4705c0 DEOPT UNPACKING pc=0x000001dfcdbf9ea3 sp=0x0000001a6b8fe358 mode 2
Event: 4.676 Thread 0x000001dfde4705c0 Uncommon trap: trap_request=0xffffffde fr.pc=0x000001dfce2a4a30 relative=0x0000000000000090
Event: 4.676 Thread 0x000001dfde4705c0 Uncommon trap: reason=class_check action=maybe_recompile pc=0x000001dfce2a4a30 method=java.lang.Character.codePointAt(Ljava/lang/CharSequence;I)I @ 2 c2
Event: 4.676 Thread 0x000001dfde4705c0 DEOPT PACKING pc=0x000001dfce2a4a30 sp=0x0000001a6b8fe3d0
Event: 4.676 Thread 0x000001dfde4705c0 DEOPT UNPACKING pc=0x000001dfcdbf9ea3 sp=0x0000001a6b8fe358 mode 2
Event: 4.694 Thread 0x000001dfde4705c0 Uncommon trap: trap_request=0xffffffde fr.pc=0x000001dfce1ff210 relative=0x00000000000001d0
Event: 4.694 Thread 0x000001dfde4705c0 Uncommon trap: reason=class_check action=maybe_recompile pc=0x000001dfce1ff210 method=java.io.BufferedInputStream.read1([BII)I @ 39 c2
Event: 4.694 Thread 0x000001dfde4705c0 DEOPT PACKING pc=0x000001dfce1ff210 sp=0x0000001a6b8fe120
Event: 4.694 Thread 0x000001dfde4705c0 DEOPT UNPACKING pc=0x000001dfcdbf9ea3 sp=0x0000001a6b8fe0c8 mode 2

Classes unloaded (20 events):
Event: 2.724 Thread 0x000001dfdc8c14b0 Unloading class 0x000000010024e400 'java/lang/invoke/LambdaForm$MH+0x000000010024e400'
Event: 2.724 Thread 0x000001dfdc8c14b0 Unloading class 0x000000010024e000 'java/lang/invoke/LambdaForm$MH+0x000000010024e000'
Event: 2.724 Thread 0x000001dfdc8c14b0 Unloading class 0x000000010024dc00 'java/lang/invoke/LambdaForm$MH+0x000000010024dc00'
Event: 2.724 Thread 0x000001dfdc8c14b0 Unloading class 0x000000010024d800 'java/lang/invoke/LambdaForm$MH+0x000000010024d800'
Event: 2.724 Thread 0x000001dfdc8c14b0 Unloading class 0x000000010024d400 'java/lang/invoke/LambdaForm$BMH+0x000000010024d400'
Event: 2.724 Thread 0x000001dfdc8c14b0 Unloading class 0x000000010024d000 'java/lang/invoke/LambdaForm$DMH+0x000000010024d000'
Event: 2.724 Thread 0x000001dfdc8c14b0 Unloading class 0x0000000100248400 'java/lang/invoke/LambdaForm$DMH+0x0000000100248400'
Event: 4.717 Thread 0x000001dfdc8c14b0 Unloading class 0x0000000100390c00 'java/lang/invoke/LambdaForm$MH+0x0000000100390c00'
Event: 4.717 Thread 0x000001dfdc8c14b0 Unloading class 0x0000000100390000 'java/lang/invoke/LambdaForm$MH+0x0000000100390000'
Event: 4.717 Thread 0x000001dfdc8c14b0 Unloading class 0x000000010038f800 'java/lang/invoke/LambdaForm$MH+0x000000010038f800'
Event: 4.717 Thread 0x000001dfdc8c14b0 Unloading class 0x000000010038f000 'java/lang/invoke/LambdaForm$MH+0x000000010038f000'
Event: 4.717 Thread 0x000001dfdc8c14b0 Unloading class 0x000000010038e800 'java/lang/invoke/LambdaForm$DMH+0x000000010038e800'
Event: 4.717 Thread 0x000001dfdc8c14b0 Unloading class 0x000000010038e000 'java/lang/invoke/LambdaForm$MH+0x000000010038e000'
Event: 4.717 Thread 0x000001dfdc8c14b0 Unloading class 0x000000010038dc00 'java/lang/invoke/LambdaForm$MH+0x000000010038dc00'
Event: 4.717 Thread 0x000001dfdc8c14b0 Unloading class 0x0000000100389400 'java/lang/invoke/LambdaForm$MH+0x0000000100389400'
Event: 4.717 Thread 0x000001dfdc8c14b0 Unloading class 0x0000000100388c00 'java/lang/invoke/LambdaForm$MH+0x0000000100388c00'
Event: 4.717 Thread 0x000001dfdc8c14b0 Unloading class 0x0000000100388400 'java/lang/invoke/LambdaForm$MH+0x0000000100388400'
Event: 4.717 Thread 0x000001dfdc8c14b0 Unloading class 0x0000000100383c00 'java/lang/invoke/LambdaForm$MH+0x0000000100383c00'
Event: 4.717 Thread 0x000001dfdc8c14b0 Unloading class 0x0000000100383400 'java/lang/invoke/LambdaForm$MH+0x0000000100383400'
Event: 4.717 Thread 0x000001dfdc8c14b0 Unloading class 0x0000000100382c00 'java/lang/invoke/LambdaForm$MH+0x0000000100382c00'

Classes redefined (0 events):
No events

Internal exceptions (20 events):
Event: 4.604 Thread 0x000001dfde4705c0 Exception <a 'java/lang/NoSuchMethodError'{0x00000000eb37c338}: 'void java.lang.invoke.DirectMethodHandle$Holder.invokeStatic(java.lang.Object, java.lang.Object, java.lang.Object, java.lang.Object)'> (0x00000000eb37c338) 
thrown [s\src\hotspot\share\interpreter\linkResolver.cpp, line 759]
Event: 4.632 Thread 0x000001dfde474ca0 Exception <a 'java/lang/NoSuchMethodError'{0x00000000ebbcd578}: 'java.lang.Object java.lang.invoke.DirectMethodHandle$Holder.invokeStaticInit(java.lang.Object, java.lang.Object, java.lang.Object, java.lang.Object, java.lang.Object, java.lang.Object, java.lang.Object)'> (0x00000000ebbcd578) 
thrown [s\src\hotspot\share\interpreter\linkResolver.cpp, line 759]
Event: 4.634 Thread 0x000001dfde474ca0 Exception <a 'java/lang/NoSuchMethodError'{0x00000000ebbe1e30}: 'java.lang.Object java.lang.invoke.DirectMethodHandle$Holder.invokeSpecial(java.lang.Object, java.lang.Object, java.lang.Object, java.lang.Object, java.lang.Object, java.lang.Object, java.lang.Object, java.lang.Object, java.lang.Object)'> (0x00000000ebbe1e30) 
thrown [s\src\hotspot\share\interpreter\linkResolver.cpp, line 759]
Event: 4.635 Thread 0x000001dfde474ca0 Exception <a 'java/lang/NoSuchMethodError'{0x00000000ebbecf68}: 'java.lang.Object java.lang.invoke.Invokers$Holder.invoke_MT(java.lang.Object, java.lang.Object, java.lang.Object, java.lang.Object, java.lang.Object, java.lang.Object, java.lang.Object, java.lang.Object, java.lang.Object)'> (0x00000000ebbecf68) 
thrown [s\src\hotspot\share\interpreter\linkResolver.cpp, line 759]
Event: 4.643 Thread 0x000001dfddd59a60 Exception <a 'java/lang/ClassNotFoundException'{0x00000000ebc2ed70}: com/sun/org/apache/xml/internal/serializer/spi/XMLEntitiesProvider> (0x00000000ebc2ed70) 
thrown [s\src\hotspot\share\classfile\systemDictionary.cpp, line 256]
Event: 4.648 Thread 0x000001dfde4705c0 Exception <a 'java/lang/NoSuchMethodError'{0x00000000ebd3b0c8}: 'int java.lang.invoke.DirectMethodHandle$Holder.invokeVirtual(java.lang.Object, java.lang.Object, java.lang.Object)'> (0x00000000ebd3b0c8) 
thrown [s\src\hotspot\share\interpreter\linkResolver.cpp, line 759]
Event: 4.648 Thread 0x000001dfde4705c0 Exception <a 'java/lang/NoSuchMethodError'{0x00000000ebd3e980}: 'int java.lang.invoke.DirectMethodHandle$Holder.invokeVirtual(java.lang.Object, java.lang.Object)'> (0x00000000ebd3e980) 
thrown [s\src\hotspot\share\interpreter\linkResolver.cpp, line 759]
Event: 4.649 Thread 0x000001dfde4705c0 Exception <a 'java/lang/NoSuchMethodError'{0x00000000ebd42ed8}: 'int java.lang.invoke.DirectMethodHandle$Holder.invokeStaticInit(java.lang.Object, int, int)'> (0x00000000ebd42ed8) 
thrown [s\src\hotspot\share\interpreter\linkResolver.cpp, line 759]
Event: 4.649 Thread 0x000001dfde4705c0 Exception <a 'java/lang/NoSuchMethodError'{0x00000000ebd4a938}: 'int java.lang.invoke.DirectMethodHandle$Holder.invokeStaticInit(java.lang.Object, long, long)'> (0x00000000ebd4a938) 
thrown [s\src\hotspot\share\interpreter\linkResolver.cpp, line 759]
Event: 4.650 Thread 0x000001dfde4705c0 Exception <a 'java/lang/NoSuchMethodError'{0x00000000ebd519f0}: 'int java.lang.invoke.DirectMethodHandle$Holder.invokeStaticInit(java.lang.Object, float, float)'> (0x00000000ebd519f0) 
thrown [s\src\hotspot\share\interpreter\linkResolver.cpp, line 759]
Event: 4.651 Thread 0x000001dfde4705c0 Exception <a 'java/lang/NoSuchMethodError'{0x00000000ebd58aa0}: 'int java.lang.invoke.DirectMethodHandle$Holder.invokeStaticInit(java.lang.Object, double, double)'> (0x00000000ebd58aa0) 
thrown [s\src\hotspot\share\interpreter\linkResolver.cpp, line 759]
Event: 4.651 Thread 0x000001dfde4705c0 Exception <a 'java/lang/NoSuchMethodError'{0x00000000ebd5d2e8}: 'int java.lang.invoke.DirectMethodHandle$Holder.invokeStatic(java.lang.Object, long)'> (0x00000000ebd5d2e8) 
thrown [s\src\hotspot\share\interpreter\linkResolver.cpp, line 759]
Event: 4.656 Thread 0x000001dfde4705c0 Exception <a 'java/lang/NoSuchMethodError'{0x00000000ebd95180}: 'int java.lang.invoke.Invokers$Holder.linkToTargetMethod(java.lang.Object, java.lang.Object)'> (0x00000000ebd95180) 
thrown [s\src\hotspot\share\interpreter\linkResolver.cpp, line 759]
Event: 4.656 Thread 0x000001dfde474ca0 Exception <a 'java/lang/NoSuchMethodError'{0x00000000ebd92510}: 'int java.lang.invoke.Invokers$Holder.linkToTargetMethod(java.lang.Object, java.lang.Object)'> (0x00000000ebd92510) 
thrown [s\src\hotspot\share\interpreter\linkResolver.cpp, line 759]
Event: 4.658 Thread 0x000001dfde474ca0 Exception <a 'java/lang/NoSuchMethodError'{0x00000000ebdae890}: 'int java.lang.invoke.DirectMethodHandle$Holder.invokeSpecial(java.lang.Object, java.lang.Object, java.lang.Object, java.lang.Object)'> (0x00000000ebdae890) 
thrown [s\src\hotspot\share\interpreter\linkResolver.cpp, line 759]
Event: 4.663 Thread 0x000001dfde474ca0 Exception <a 'java/lang/NoSuchMethodError'{0x00000000ebddd490}: 'java.lang.Object java.lang.invoke.DirectMethodHandle$Holder.invokeStatic(java.lang.Object, int, java.lang.Object, java.lang.Object)'> (0x00000000ebddd490) 
thrown [s\src\hotspot\share\interpreter\linkResolver.cpp, line 759]
Event: 4.663 Thread 0x000001dfde474ca0 Exception <a 'java/lang/NoSuchMethodError'{0x00000000ebde75f0}: 'java.lang.Object java.lang.invoke.DelegatingMethodHandle$Holder.delegate(java.lang.Object, int, java.lang.Object, java.lang.Object)'> (0x00000000ebde75f0) 
thrown [s\src\hotspot\share\interpreter\linkResolver.cpp, line 759]
Event: 4.666 Thread 0x000001dfde474ca0 Exception <a 'java/lang/NoSuchMethodError'{0x00000000ebe223f8}: 'int java.lang.invoke.Invokers$Holder.linkToTargetMethod(java.lang.Object, java.lang.Object, java.lang.Object)'> (0x00000000ebe223f8) 
thrown [s\src\hotspot\share\interpreter\linkResolver.cpp, line 759]
Event: 4.704 Thread 0x000001dfde4705c0 Exception <a 'java/lang/NoSuchMethodError'{0x00000000ec037160}: 'java.lang.Object java.lang.invoke.DirectMethodHandle$Holder.invokeSpecialIFC(java.lang.Object, java.lang.Object, java.lang.Object, java.lang.Object)'> (0x00000000ec037160) 
thrown [s\src\hotspot\share\interpreter\linkResolver.cpp, line 759]
Event: 4.976 Thread 0x000001dfddd59a60 Exception <a 'java/io/FileNotFoundException'{0x00000000eb3bebb0}> (0x00000000eb3bebb0) 
thrown [s\src\hotspot\share\prims\jni.cpp, line 516]

VM Operations (20 events):
Event: 3.756 Executing VM operation: ParallelGCFailedAllocation
Event: 3.759 Executing VM operation: ParallelGCFailedAllocation done
Event: 4.011 Executing VM operation: ParallelGCFailedAllocation
Event: 4.014 Executing VM operation: ParallelGCFailedAllocation done
Event: 4.223 Executing VM operation: ParallelGCFailedAllocation
Event: 4.226 Executing VM operation: ParallelGCFailedAllocation done
Event: 4.384 Executing VM operation: HandshakeAllThreads
Event: 4.384 Executing VM operation: HandshakeAllThreads done
Event: 4.461 Executing VM operation: HandshakeAllThreads
Event: 4.461 Executing VM operation: HandshakeAllThreads done
Event: 4.529 Executing VM operation: HandshakeAllThreads
Event: 4.529 Executing VM operation: HandshakeAllThreads done
Event: 4.661 Executing VM operation: HandshakeAllThreads
Event: 4.662 Executing VM operation: HandshakeAllThreads done
Event: 4.664 Executing VM operation: HandshakeAllThreads
Event: 4.664 Executing VM operation: HandshakeAllThreads done
Event: 4.695 Executing VM operation: HandshakeAllThreads
Event: 4.696 Executing VM operation: HandshakeAllThreads done
Event: 4.704 Executing VM operation: CollectForMetadataAllocation
Event: 4.747 Executing VM operation: CollectForMetadataAllocation done

Events (20 events):
Event: 4.796 loading class com/sun/org/apache/xalan/internal/xsltc/trax/DOM2TO done
Event: 4.800 loading class com/sun/org/apache/xml/internal/serializer/WriterToUTF8Buffered
Event: 4.800 loading class com/sun/org/apache/xml/internal/serializer/WriterChain
Event: 4.800 loading class com/sun/org/apache/xml/internal/serializer/WriterChain done
Event: 4.800 loading class com/sun/org/apache/xml/internal/serializer/WriterToUTF8Buffered done
Event: 4.800 loading class com/sun/org/apache/xml/internal/serializer/WriterToASCI
Event: 4.800 loading class com/sun/org/apache/xml/internal/serializer/WriterToASCI done
Event: 4.862 Thread 0x000001dfde470fe0 Thread added: 0x000001dfde470fe0
Event: 4.866 loading class java/io/FilterReader
Event: 4.866 loading class java/io/FilterReader done
Event: 4.949 loading class java/io/FileOutputStream$1
Event: 4.949 loading class java/io/FileOutputStream$1 done
Event: 4.953 loading class java/text/DontCareFieldPosition
Event: 4.954 loading class java/text/DontCareFieldPosition done
Event: 4.954 loading class java/text/DontCareFieldPosition$1
Event: 4.954 loading class java/text/Format$FieldDelegate
Event: 4.956 loading class java/text/Format$FieldDelegate done
Event: 4.956 loading class java/text/DontCareFieldPosition$1 done
Event: 4.956 loading class java/text/NumberFormat$Field
Event: 4.957 loading class java/text/NumberFormat$Field done


Dynamic libraries:
0x00007ff7b0620000 - 0x00007ff7b062e000 	c:\Users\baltazar.biverstal\.vscode\extensions\redhat.java-1.29.0-win32-x64\jre\17.0.10-win32-x86_64\bin\java.exe
0x00007ffa6db30000 - 0x00007ffa6dd46000 	C:\WINDOWS\SYSTEM32\ntdll.dll
0x00007ffa4f650000 - 0x00007ffa4f669000 	C:\Program Files\Avast Software\Avast\aswhook.dll
0x00007ffa6cfb0000 - 0x00007ffa6d074000 	C:\WINDOWS\System32\KERNEL32.DLL
0x00007ffa6b2c0000 - 0x00007ffa6b666000 	C:\WINDOWS\System32\KERNELBASE.dll
0x00007ffa6af90000 - 0x00007ffa6b0a1000 	C:\WINDOWS\System32\ucrtbase.dll
0x00007ffa4e6a0000 - 0x00007ffa4e6bb000 	c:\Users\baltazar.biverstal\.vscode\extensions\redhat.java-1.29.0-win32-x64\jre\17.0.10-win32-x86_64\bin\VCRUNTIME140.dll
0x00007ffa4e680000 - 0x00007ffa4e697000 	c:\Users\baltazar.biverstal\.vscode\extensions\redhat.java-1.29.0-win32-x64\jre\17.0.10-win32-x86_64\bin\jli.dll
0x00007ffa6d2a0000 - 0x00007ffa6d44d000 	C:\WINDOWS\System32\USER32.dll
0x00007ffa6af60000 - 0x00007ffa6af86000 	C:\WINDOWS\System32\win32u.dll
0x00007ffa38950000 - 0x00007ffa38be3000 	C:\WINDOWS\WinSxS\amd64_microsoft.windows.common-controls_6595b64144ccf1df_6.0.22621.3235_none_270f74e173860f98\COMCTL32.dll
0x00007ffa6d270000 - 0x00007ffa6d299000 	C:\WINDOWS\System32\GDI32.dll
0x00007ffa6b1a0000 - 0x00007ffa6b2b8000 	C:\WINDOWS\System32\gdi32full.dll
0x00007ffa6b670000 - 0x00007ffa6b70a000 	C:\WINDOWS\System32\msvcp_win.dll
0x00007ffa6cb30000 - 0x00007ffa6cbd7000 	C:\WINDOWS\System32\msvcrt.dll
0x00007ffa6c8d0000 - 0x00007ffa6c901000 	C:\WINDOWS\System32\IMM32.DLL
0x00007ffa5c5c0000 - 0x00007ffa5c5cc000 	c:\Users\baltazar.biverstal\.vscode\extensions\redhat.java-1.29.0-win32-x64\jre\17.0.10-win32-x86_64\bin\vcruntime140_1.dll
0x00007ffa46d80000 - 0x00007ffa46e0d000 	c:\Users\baltazar.biverstal\.vscode\extensions\redhat.java-1.29.0-win32-x64\jre\17.0.10-win32-x86_64\bin\msvcp140.dll
0x00007ff976640000 - 0x00007ff9772a2000 	c:\Users\baltazar.biverstal\.vscode\extensions\redhat.java-1.29.0-win32-x64\jre\17.0.10-win32-x86_64\bin\server\jvm.dll
0x00007ffa6c7a0000 - 0x00007ffa6c852000 	C:\WINDOWS\System32\ADVAPI32.dll
0x00007ffa6b8b0000 - 0x00007ffa6b958000 	C:\WINDOWS\System32\sechost.dll
0x00007ffa6ae70000 - 0x00007ffa6ae98000 	C:\WINDOWS\System32\bcrypt.dll
0x00007ffa6cc00000 - 0x00007ffa6cd15000 	C:\WINDOWS\System32\RPCRT4.dll
0x00007ffa6a060000 - 0x00007ffa6a0ad000 	C:\WINDOWS\SYSTEM32\POWRPROF.dll
0x00007ffa40420000 - 0x00007ffa40429000 	C:\WINDOWS\SYSTEM32\WSOCK32.dll
0x00007ffa5f6b0000 - 0x00007ffa5f6e4000 	C:\WINDOWS\SYSTEM32\WINMM.dll
0x00007ffa6d1f0000 - 0x00007ffa6d261000 	C:\WINDOWS\System32\WS2_32.dll
0x00007ffa5d1a0000 - 0x00007ffa5d1aa000 	C:\WINDOWS\SYSTEM32\VERSION.dll
0x00007ffa6a040000 - 0x00007ffa6a053000 	C:\WINDOWS\SYSTEM32\UMPDC.dll
0x00007ffa69ee0000 - 0x00007ffa69ef8000 	C:\WINDOWS\SYSTEM32\kernel.appcore.dll
0x00007ffa3c4a0000 - 0x00007ffa3c4aa000 	c:\Users\baltazar.biverstal\.vscode\extensions\redhat.java-1.29.0-win32-x64\jre\17.0.10-win32-x86_64\bin\jimage.dll
0x00007ffa68680000 - 0x00007ffa688b3000 	C:\WINDOWS\SYSTEM32\DBGHELP.DLL
0x00007ffa6d760000 - 0x00007ffa6dae8000 	C:\WINDOWS\System32\combase.dll
0x00007ffa6d450000 - 0x00007ffa6d527000 	C:\WINDOWS\System32\OLEAUT32.dll
0x00007ffa518e0000 - 0x00007ffa51912000 	C:\WINDOWS\SYSTEM32\dbgcore.DLL
0x00007ffa6b120000 - 0x00007ffa6b19a000 	C:\WINDOWS\System32\bcryptPrimitives.dll
0x00007ffa3c490000 - 0x00007ffa3c49e000 	c:\Users\baltazar.biverstal\.vscode\extensions\redhat.java-1.29.0-win32-x64\jre\17.0.10-win32-x86_64\bin\instrument.dll
0x00007ffa3c460000 - 0x00007ffa3c485000 	c:\Users\baltazar.biverstal\.vscode\extensions\redhat.java-1.29.0-win32-x64\jre\17.0.10-win32-x86_64\bin\java.dll
0x00007ffa3c440000 - 0x00007ffa3c458000 	c:\Users\baltazar.biverstal\.vscode\extensions\redhat.java-1.29.0-win32-x64\jre\17.0.10-win32-x86_64\bin\zip.dll
0x00007ffa6bf40000 - 0x00007ffa6c79d000 	C:\WINDOWS\System32\SHELL32.dll
0x00007ffa68cd0000 - 0x00007ffa695c8000 	C:\WINDOWS\SYSTEM32\windows.storage.dll
0x00007ffa68b90000 - 0x00007ffa68cce000 	C:\WINDOWS\SYSTEM32\wintypes.dll
0x00007ffa6be40000 - 0x00007ffa6bf33000 	C:\WINDOWS\System32\SHCORE.dll
0x00007ffa6c870000 - 0x00007ffa6c8ce000 	C:\WINDOWS\System32\shlwapi.dll
0x00007ffa6ada0000 - 0x00007ffa6adc6000 	C:\WINDOWS\SYSTEM32\profapi.dll
0x00007ffa3c420000 - 0x00007ffa3c439000 	C:\Users\baltazar.biverstal\.vscode\extensions\redhat.java-1.29.0-win32-x64\jre\17.0.10-win32-x86_64\bin\net.dll
0x00007ffa619d0000 - 0x00007ffa61b07000 	C:\WINDOWS\SYSTEM32\WINHTTP.dll
0x00007ffa6a3d0000 - 0x00007ffa6a439000 	C:\WINDOWS\system32\mswsock.dll
0x00007ffa39490000 - 0x00007ffa394a6000 	C:\Users\baltazar.biverstal\.vscode\extensions\redhat.java-1.29.0-win32-x64\jre\17.0.10-win32-x86_64\bin\nio.dll
0x00007ffa39480000 - 0x00007ffa39490000 	c:\Users\baltazar.biverstal\.vscode\extensions\redhat.java-1.29.0-win32-x64\jre\17.0.10-win32-x86_64\bin\verify.dll
0x00007ffa38d30000 - 0x00007ffa38d6e000 	C:\Users\baltazar.biverstal\AppData\Roaming\Code\User\globalStorage\redhat.java\1.29.0\config_win\org.eclipse.equinox.launcher\org.eclipse.equinox.launcher.win32.win32.x86_64_1.2.900.v20240213-1244\eclipse_11900.dll
0x00007ffa6ce10000 - 0x00007ffa6cfaf000 	C:\WINDOWS\System32\ole32.dll
0x00007ffa6a6c0000 - 0x00007ffa6a6db000 	C:\WINDOWS\SYSTEM32\CRYPTSP.dll
0x00007ffa69e40000 - 0x00007ffa69e75000 	C:\WINDOWS\system32\rsaenh.dll
0x00007ffa6a470000 - 0x00007ffa6a49c000 	C:\WINDOWS\SYSTEM32\USERENV.dll
0x00007ffa6a6a0000 - 0x00007ffa6a6ac000 	C:\WINDOWS\SYSTEM32\CRYPTBASE.dll
0x00007ffa696f0000 - 0x00007ffa6971d000 	C:\WINDOWS\SYSTEM32\IPHLPAPI.DLL
0x00007ffa6c860000 - 0x00007ffa6c869000 	C:\WINDOWS\System32\NSI.dll
0x00007ffa61d70000 - 0x00007ffa61d89000 	C:\WINDOWS\SYSTEM32\dhcpcsvc6.DLL
0x00007ffa61d50000 - 0x00007ffa61d6f000 	C:\WINDOWS\SYSTEM32\dhcpcsvc.DLL
0x00007ffa69720000 - 0x00007ffa69819000 	C:\WINDOWS\SYSTEM32\DNSAPI.dll

dbghelp: loaded successfully - version: 4.0.5 - missing functions: none
symbol engine: initialized successfully - sym options: 0x614 - pdb path: .;c:\Users\baltazar.biverstal\.vscode\extensions\redhat.java-1.29.0-win32-x64\jre\17.0.10-win32-x86_64\bin;C:\WINDOWS\SYSTEM32;C:\Program Files\Avast Software\Avast;C:\WINDOWS\WinSxS\amd64_microsoft.windows.common-controls_6595b64144ccf1df_6.0.22621.3235_none_270f74e173860f98;c:\Users\baltazar.biverstal\.vscode\extensions\redhat.java-1.29.0-win32-x64\jre\17.0.10-win32-x86_64\bin\server;C:\Users\baltazar.biverstal\AppData\Roaming\Code\User\globalStorage\redhat.java\1.29.0\config_win\org.eclipse.equinox.launcher\org.eclipse.equinox.launcher.win32.win32.x86_64_1.2.900.v20240213-1244

VM Arguments:
jvm_args: --add-modules=ALL-SYSTEM --add-opens=java.base/java.util=ALL-UNNAMED --add-opens=java.base/java.lang=ALL-UNNAMED --add-opens=java.base/sun.nio.fs=ALL-UNNAMED -Declipse.application=org.eclipse.jdt.ls.core.id1 -Dosgi.bundles.defaultStartLevel=4 -Declipse.product=org.eclipse.jdt.ls.core.product -Djava.import.generatesMetadataFilesAtProjectRoot=false -DDetectVMInstallationsJob.disabled=true -Dfile.encoding=utf8 -XX:+UseParallelGC -XX:GCTimeRatio=4 -XX:AdaptiveSizePolicyWeight=90 -Dsun.zip.disableMemoryMapping=true -Xmx1G -Xms100m -Xlog:disable -javaagent:c:\Users\baltazar.biverstal\.vscode\extensions\redhat.java-1.29.0-win32-x64\lombok\lombok-1.18.32.jar -XX:+HeapDumpOnOutOfMemoryError -XX:HeapDumpPath=c:\Users\baltazar.biverstal\AppData\Roaming\Code\User\workspaceStorage\cccfd76cbe6646ea16e73631af672c7c\redhat.java -Daether.dependencyCollector.impl=bf 
java_command: c:\Users\baltazar.biverstal\.vscode\extensions\redhat.java-1.29.0-win32-x64\server\plugins\org.eclipse.equinox.launcher_1.6.800.v20240304-1850.jar -configuration c:\Users\baltazar.biverstal\AppData\Roaming\Code\User\globalStorage\redhat.java\1.29.0\config_win -data c:\Users\baltazar.biverstal\AppData\Roaming\Code\User\workspaceStorage\cccfd76cbe6646ea16e73631af672c7c\redhat.java\jdt_ws --stdio
java_class_path (initial): c:\Users\baltazar.biverstal\.vscode\extensions\redhat.java-1.29.0-win32-x64\server\plugins\org.eclipse.equinox.launcher_1.6.800.v20240304-1850.jar
Launcher Type: SUN_STANDARD

[Global flags]
    uintx AdaptiveSizePolicyWeight                 = 90                                        {product} {command line}
     intx CICompilerCount                          = 4                                         {product} {ergonomic}
    uintx GCTimeRatio                              = 4                                         {product} {command line}
     bool HeapDumpOnOutOfMemoryError               = true                                   {manageable} {command line}
    ccstr HeapDumpPath                             = c:\Users\baltazar.biverstal\AppData\Roaming\Code\User\workspaceStorage\cccfd76cbe6646ea16e73631af672c7c\redhat.java         {manageable} {command line}
   size_t InitialHeapSize                          = 104857600                                 {product} {command line}
   size_t MaxHeapSize                              = 1073741824                                {product} {command line}
   size_t MaxNewSize                               = 357564416                                 {product} {ergonomic}
   size_t MinHeapDeltaBytes                        = 524288                                    {product} {ergonomic}
   size_t MinHeapSize                              = 104857600                                 {product} {command line}
   size_t NewSize                                  = 34603008                                  {product} {ergonomic}
    uintx NonNMethodCodeHeapSize                   = 5839372                                {pd product} {ergonomic}
    uintx NonProfiledCodeHeapSize                  = 122909434                              {pd product} {ergonomic}
   size_t OldSize                                  = 70254592                                  {product} {ergonomic}
    uintx ProfiledCodeHeapSize                     = 122909434                              {pd product} {ergonomic}
    uintx ReservedCodeCacheSize                    = 251658240                              {pd product} {ergonomic}
     bool SegmentedCodeCache                       = true                                      {product} {ergonomic}
   size_t SoftMaxHeapSize                          = 1073741824                             {manageable} {ergonomic}
     bool UseCompressedClassPointers               = true                           {product lp64_product} {ergonomic}
     bool UseCompressedOops                        = true                           {product lp64_product} {ergonomic}
     bool UseLargePagesIndividualAllocation        = false                                  {pd product} {ergonomic}
     bool UseParallelGC                            = true                                      {product} {command line}

Logging:
Log output configuration:
 #0: stdout all=off uptime,level,tags
 #1: stderr all=off uptime,level,tags

Environment Variables:
PATH=C:\Program Files\NVIDIA GPU Computing Toolkit\CUDA\v12.3\bin;C:\Program Files\NVIDIA GPU Computing Toolkit\CUDA\v12.3\libnvvp;C:\Program Files (x86)\Common Files\Oracle\Java\javapath;C:\windows\system32;C:\windows;C:\windows\System32\Wbem;C:\windows\System32\WindowsPowerShell\v1.0\;C:\windows\System32\OpenSSH\;C:\Program Files\dotnet\;C:\Program Files\Microsoft SQL Server\130\Tools\Binn\;C:\Program Files\Microsoft VS Code\bin;C:\Program Files (x86)\NVIDIA Corporation\PhysX\Common;C:\Program Files (x86)\dotnet\;C:\Program Files\Microsoft SQL Server\120\Tools\Binn\;C:\Program Files\Git\cmd;C:\Program Files\NVIDIA Corporation\NVIDIA NvDLISR;C:\WINDOWS\system32;C:\WINDOWS;C:\WINDOWS\System32\Wbem;C:\WINDOWS\System32\WindowsPowerShell\v1.0\;C:\WINDOWS\System32\OpenSSH\;C:\Program Files\NVIDIA Corporation\Nsight Compute 2023.3.1\;C:\Users\baltazar.biverstal\scoop\apps\mpv\current;C:\Users\baltazar.biverstal\scoop\shims;C:\Users\baltazar.biverstal\AppData\Local\Programs\Python\Python39\Scripts\;C:\Users\baltazar.biverstal\AppData\Local\Programs\Python\Python39\;C:\Users\baltazar.biverstal\AppData\Local\Microsoft\WindowsApps;C:\Users\baltazar.biverstal\.dotnet\tools;C:\Users\baltazar.biverstal\AppData\Local\Microsoft\WindowsApps
USERNAME=baltazar.biverstal
OS=Windows_NT
PROCESSOR_IDENTIFIER=Intel64 Family 6 Model 140 Stepping 1, GenuineIntel
TMP=C:\Users\BALTAZ~1.BIV\AppData\Local\Temp
TEMP=C:\Users\BALTAZ~1.BIV\AppData\Local\Temp



Periodic native trim disabled


---------------  S Y S T E M  ---------------

OS:
 Windows 11 , 64 bit Build 22621 (10.0.22621.3235)
OS uptime: 1 days 11:43 hours
Hyper-V role detected

CPU: total 8 (initial active 8) (4 cores per cpu, 2 threads per core) family 6 model 140 stepping 1 microcode 0xae, cx8, cmov, fxsr, ht, mmx, 3dnowpref, sse, sse2, sse3, ssse3, sse4.1, sse4.2, popcnt, lzcnt, tsc, tscinvbit, avx, avx2, aes, erms, clmul, bmi1, bmi2, adx, avx512f, avx512dq, avx512cd, avx512bw, avx512vl, sha, fma, vzeroupper, avx512_vpopcntdq, avx512_vpclmulqdq, avx512_vaes, avx512_vnni, clflush, clflushopt, clwb, avx512_vbmi2, avx512_vbmi, hv
Processor Information for all 8 processors :
  Max Mhz: 2419, Current Mhz: 2419, Mhz Limit: 2419

Memory: 4k page, system-wide physical 16064M (2900M free)
TotalPageFile size 23064M (AvailPageFile size 4M)
current process WorkingSet (physical memory assigned to process): 167M, peak: 169M
current process commit charge ("private bytes"): 266M, peak: 267M

vm_info: OpenJDK 64-Bit Server VM (17.0.10+7) for windows-amd64 JRE (17.0.10+7), built on Jan 16 2024 23:25:11 by "admin" with MS VC++ 16.10 / 16.11 (VS2019)

END.
